<?xml version="1.0" encoding="UTF-8"?>
<!-- Generated by org.testng.reporters.JUnitXMLReporter -->
<testsuite ignored="0" hostname="Pavani" failures="1" tests="1" name="Test(failed)" time="29.093" errors="0" timestamp="2026-09-10T06:32:23 IST">
  <testcase classname="testCases.TC002_LoginTest" name="verify_login" time="14.759">
    <failure type="java.lang.AssertionError" message="expected [true] but found [false]">
      <![CDATA[java.lang.AssertionError: expected [true] but found [false]
at testCases.TC002_LoginTest.verify_login(TC002_LoginTest.java:35)
at java.base/java.util.ArrayList.forEach(ArrayList.java:1596)
... Removed 29 stack frames]]>
    </failure>
  </testcase> <!-- verify_login -->
</testsuite> <!-- Test(failed) -->
