<?xml version="1.0" encoding="UTF-8"?>
<!-- Generated by org.testng.reporters.JUnitReportReporter -->
<testsuite hostname="Pavani" failures="0" tests="2" name="testCases.TC001_AccountRegistrationTest" time="9.843" errors="0" timestamp="2026-09-15T13:04:41 IST" skipped="0">
  <testcase classname="testCases.TC001_AccountRegistrationTest" name="verify_account_registration" time="3.968"/>
  <testcase classname="testCases.TC001_AccountRegistrationTest" name="verify_account_registration" time="5.875"/>
</testsuite> <!-- testCases.TC001_AccountRegistrationTest -->
